Log file open, 05/20/18 18:53:30
LogPakFile: Display: Found Pak file ../../../FortniteGame/Content/Paks/pakchunk1-WindowsClient.pak attempting to mount.
LogPakFile: Display: Mounting pak file ../../../FortniteGame/Content/Paks/pakchunk1-WindowsClient.pak.
LogPakFile: Display: Found Pak file ../../../FortniteGame/Content/Paks/pakchunk0_s4-WindowsClient.pak attempting to mount.
LogPakFile: Display: Mounting pak file ../../../FortniteGame/Content/Paks/pakchunk0_s4-WindowsClient.pak.
LogPakFile: Display: Found Pak file ../../../FortniteGame/Content/Paks/pakchunk0_s3-WindowsClient.pak attempting to mount.
LogPakFile: Display: Mounting pak file ../../../FortniteGame/Content/Paks/pakchunk0_s3-WindowsClient.pak.
LogPakFile: Display: Found Pak file ../../../FortniteGame/Content/Paks/pakchunk0_s2-WindowsClient.pak attempting to mount.
LogPakFile: Display: Mounting pak file ../../../FortniteGame/Content/Paks/pakchunk0_s2-WindowsClient.pak.
LogPakFile: Display: Found Pak file ../../../FortniteGame/Content/Paks/pakchunk0_s1-WindowsClient.pak attempting to mount.
LogPakFile: Display: Mounting pak file ../../../FortniteGame/Content/Paks/pakchunk0_s1-WindowsClient.pak.
LogPakFile: Display: Found Pak file ../../../FortniteGame/Content/Paks/pakchunk0-WindowsClient.pak attempting to mount.
LogPakFile: Display: Mounting pak file ../../../FortniteGame/Content/Paks/pakchunk0-WindowsClient.pak.
LogPakFile: Display: Found Pak file ../../../FortniteGame/Content/Paks/FortniteGame-WindowsClient.pak attempting to mount.
LogPakFile: Display: Mounting pak file ../../../FortniteGame/Content/Paks/FortniteGame-WindowsClient.pak.
LogPlatformFile: Not using cached read wrapper
LogInit: RandInit(585043951) SRandInit(585043952).
LogTaskGraph: Started task graph with 4 named threads and 16 total threads with 3 sets of task threads.
LogD3D11RHI: Loaded GFSDK_Aftermath_Lib.x64.dll
LogICUInternationalization: Display: ICU TimeZone Detection - Raw Offset: +1:00, Platform Override: ''
LogPluginManager: Mounting plugin AESHandlerComponent
LogPluginManager: Mounting plugin PlatformCrypto
LogPluginManager: Mounting plugin BlueprintContext
LogPluginManager: Mounting plugin CommonUI
LogPluginManager: Mounting plugin DiscordRPC
LogPluginManager: Mounting plugin EarlyStartupPatcher
LogPluginManager: Found config from plugin[EarlyStartupPatcher] C:/Users/foo/AppData/Local/FortniteGame/Saved/Config/WindowsClient/Engine.ini
LogPluginManager: Found config from plugin[EarlyStartupPatcher] C:/Users/foo/AppData/Local/FortniteGame/Saved/Config/WindowsClient/Game.ini
LogPluginManager: Mounting plugin EpicCMS
LogPluginManager: Mounting plugin EpicCMSUIFramework
LogPluginManager: Mounting plugin OnlineSubsystem
LogPluginManager: Mounting plugin OnlineSubsystemUtils
LogPluginManager: Mounting plugin OnlineSubsystemMcp
LogPluginManager: Mounting plugin GameplayAbilities
LogPluginManager: Mounting plugin GameplayTagsEditor
LogPluginManager: Mounting plugin AssetManagerEditor
LogPluginManager: Mounting plugin Gauntlet
LogPluginManager: Mounting plugin ImmediatePhysics
LogPluginManager: Mounting plugin LogitechLED
LogPluginManager: Mounting plugin MatchmakingService
LogPluginManager: Mounting plugin NetUI
LogPluginManager: Mounting plugin NVIDIAGfeSDK
LogPluginManager: Mounting plugin OnlineFramework
LogPluginManager: Mounting plugin OnlineSubsystemLiveServer
LogPluginManager: Mounting plugin OnlineSubsystemNull
LogPluginManager: Mounting plugin OnlineSubsystemPS4Server
LogPluginManager: Mounting plugin OnlineSubsystemTwitch
LogPluginManager: Mounting plugin Oodle
LogPluginManager: Mounting plugin PurchaseFlow
LogPluginManager: Mounting plugin RazerChroma
LogPluginManager: Mounting plugin SignificanceManager
LogPluginManager: Mounting plugin SIP
LogPluginManager: Mounting plugin Social
LogPluginManager: Mounting plugin SubtitlesWidgets
LogPluginManager: Mounting plugin SubtitlesWidgetsEditor
LogPluginManager: Mounting plugin UACBase
LogPluginManager: Mounting plugin WinDualShock
LogPluginManager: Mounting plugin LauncherChunkInstaller
LogPluginManager: Mounting plugin BackChannel
LogPluginManager: Mounting plugin RemoteSession
LogPluginManager: Mounting plugin EpicGameplayStats
LogPluginManager: Mounting plugin OnlineGameplayFramework
LogPluginManager: Mounting plugin HTTPChunkInstaller
LogPluginManager: Mounting plugin Vivox
LogPluginManager: Mounting plugin CryptoKeys
LogPluginManager: Mounting plugin DatasmithContent
LogPluginManager: Mounting plugin AvfMedia
LogPluginManager: Mounting plugin LinearTimecode
LogPluginManager: Mounting plugin WmfMedia
LogPluginManager: Mounting plugin TcpMessaging
LogPluginManager: Mounting plugin AndroidPermission
LogStreaming: Display: Took  0.119s to configure plugins.
LogInit: Using libcurl 7.55.1-DEV
LogInit:  - built for x86_64-pc-win32
LogInit:  - supports SSL with OpenSSL/1.0.2h
LogInit:  - supports HTTP deflate (compression) using libz 1.2.8
LogInit:  - other features:
LogInit:      CURL_VERSION_SSL
LogInit:      CURL_VERSION_LIBZ
LogInit:      CURL_VERSION_IPV6
LogInit:      CURL_VERSION_ASYNCHDNS
LogInit:      CURL_VERSION_LARGEFILE
LogInit:      CURL_VERSION_IDN
LogInit:  CurlRequestOptions (configurable via config and command line):
LogInit:  - bVerifyPeer = true  - Libcurl will verify peer certificate
LogInit:  - bUseHttpProxy = false  - Libcurl will NOT use HTTP proxy
LogInit:  - bDontReuseConnections = false  - Libcurl will reuse connections
LogInit:  - CertBundlePath = nullptr  - Libcurl will use whatever was configured at build time.
LogInit:  - MaxHostConnections = 16  - Libcurl will limit the number of connections to a host
LogInit:  - LocalHostAddr = Default
LogInit:  - BufferSize = 65536
LogInit: WinSock: version 1.1 (2.2), MaxSocks=32767, MaxUdp=65467
LogTemp: Using NVIDIAGfeSDKPlugin version 1.0.0
LogInit: Build: ++Fortnite+Release-4.2-CL-4072250
LogInit: Engine Version: 4.20.0-4072250+++Fortnite+Release-4.2
LogInit: Compatible Engine Version: 4.20.0-4072250+++Fortnite+Release-4.2
LogInit: Net CL: 4066866
LogInit: OS: Windows 8 (), CPU: Intel Core Processor (Skylake), GPU: NVIDIA GeForce GTX 970
LogInit: Compiled (64-bit): May 14 2018 21:15:40
LogInit: Compiled with Visual C++: 19.00.24215.01
LogInit: Build Configuration: Shipping
LogInit: Branch Name: ++Fortnite+Release-4.2
LogInit: Filtered Command Line: -noeac -frombe
LogInit: Base Directory: D:/Fortnite/FortniteGame/Binaries/Win64/
LogInit: Installed Engine Build: 1
LogStreaming: Display: Took  0.000s to delete old logs.
LogInit: Presizing for max 2097152 objects, including 0 objects not considered by GC, pre-allocating 0 bytes for permanent pool.
LogStreaming: Display: Async Loading initialized: Event Driven Loader: false, Async Loading Thread: true, Async Post Load: true
LogInit: Object subsystem initialized
LogFortMemory: AppInit - CPU:312.18MB (Peak: 312.18MB)
[2018.05.20-16.53.31:787][  0]LogConsoleResponse: Display: Failed to find resolution value strings in scalability ini. Falling back to default.
[2018.05.20-16.53.31:787][  0]LogInit: Applying CVar settings loaded from the selected device profile: [WindowsClient]
[2018.05.20-16.53.31:788][  0]LogInit: Computer: KIWIVM
[2018.05.20-16.53.31:788][  0]LogInit: User: foo
[2018.05.20-16.53.31:788][  0]LogInit: CPU Page size=4096, Cores=3
[2018.05.20-16.53.31:788][  0]LogInit: High frequency timer resolution =10.000000 MHz
[2018.05.20-16.53.31:788][  0]LogMemory: Memory total: Physical=10.0GB (10GB approx)
[2018.05.20-16.53.31:788][  0]LogMemory: Platform Memory Stats for WindowsClient
[2018.05.20-16.53.31:788][  0]LogMemory: Process Physical Memory: 312.91 MB used, 312.91 MB peak
[2018.05.20-16.53.31:788][  0]LogMemory: Process Virtual Memory: 362.70 MB used, 362.70 MB peak
[2018.05.20-16.53.31:788][  0]LogMemory: Physical Memory: 2553.95 MB used,  7683.69 MB free, 10237.64 MB total
[2018.05.20-16.53.31:788][  0]LogMemory: Virtual Memory: 4614.30 MB used,  7683.69 MB free, 134217728.00 MB total
[2018.05.20-16.53.32:542][  0]LogInit: Using OS detected language (en-GB).
[2018.05.20-16.53.32:542][  0]LogInit: Using OS detected locale (de-AT).
[2018.05.20-16.53.32:542][  0]LogPaths: Warning: No paths for game localization data were specifed in the game configuration.
[2018.05.20-16.53.32:550][  0]LogTextLocalizationManager: No specific localization for 'en-GB' exists, so the 'en' localization will be used.
[2018.05.20-16.53.32:587][  0]LogTextLocalizationResource: LocRes 'D:/Fortnite/FortniteGame/Plugins/OnlineGameplayFramework/Content/Localization/OnlineGameplayFramework/en/OnlineGameplayFramework.locres' failed the magic number check! Assuming this is a legacy resource (please re-generate your localization resources!)
[2018.05.20-16.53.32:590][  0]LogStreaming: Display: Took  0.048s to InitEngineTextLocalization.
[2018.05.20-16.53.32:590][  0]LogInit: Setting process to per monitor DPI aware
[2018.05.20-16.53.33:015][  0]LogSlate: New Slate User Created.  User Index 0, Is Virtual User: 0
[2018.05.20-16.53.33:015][  0]LogSlate: Slate User Registered.  User Index 0, Is Virtual User: 0
[2018.05.20-16.53.33:210][  0]LogD3D11RHI: D3D11 adapters:
[2018.05.20-16.53.33:962][  0]LogD3D11RHI:    0. 'NVIDIA GeForce GTX 970' (Feature Level 11_0)
[2018.05.20-16.53.33:962][  0]LogD3D11RHI:       4043/0/5118 MB DedicatedVideo/DedicatedSystem/SharedSystem, Outputs:1, VendorId:0x10de
[2018.05.20-16.53.34:086][  0]LogD3D11RHI:    1. 'Microsoft Basic Render Driver' (Feature Level 11_0)
[2018.05.20-16.53.34:086][  0]LogD3D11RHI:       0/0/5118 MB DedicatedVideo/DedicatedSystem/SharedSystem, Outputs:0, VendorId:0x1414
[2018.05.20-16.53.34:086][  0]LogD3D11RHI: Chosen D3D11 Adapter: 0
[2018.05.20-16.53.34:090][  0]LogStreaming: Display: Suspending async loading (1)
[2018.05.20-16.53.34:097][  0]LogD3D11RHI: Creating new Direct3DDevice
[2018.05.20-16.53.34:097][  0]LogD3D11RHI:     GPU DeviceId: 0x13c2 (for the marketing name, search the web for "GPU Device Id")
[2018.05.20-16.53.34:097][  0]LogWindows: EnumDisplayDevices:
[2018.05.20-16.53.34:097][  0]LogWindows:    0. 'NVIDIA GeForce GTX 970' (P:1 D:1)
[2018.05.20-16.53.34:097][  0]LogWindows:    1. 'NVIDIA GeForce GTX 970' (P:0 D:0)
[2018.05.20-16.53.34:097][  0]LogWindows:    2. 'NVIDIA GeForce GTX 970' (P:0 D:0)
[2018.05.20-16.53.34:098][  0]LogWindows:    3. 'NVIDIA GeForce GTX 970' (P:0 D:0)
[2018.05.20-16.53.34:098][  0]LogWindows: DebugString: FoundDriverCount:4 
[2018.05.20-16.53.34:098][  0]LogD3D11RHI:     Adapter Name: NVIDIA GeForce GTX 970
[2018.05.20-16.53.34:098][  0]LogD3D11RHI:   Driver Version: 397.64 (internal:24.21.13.9764, unified:397.64)
[2018.05.20-16.53.34:098][  0]LogD3D11RHI:      Driver Date: 5-7-2018
[2018.05.20-16.53.34:614][  0]LogD3D11RHI: Async texture creation enabled
[2018.05.20-16.53.34:632][  0]LogD3D11RHI: GPU Timing Frequency: 1000.000000 (Debug: 2 2)
[2018.05.20-16.53.34:632][  0]LogStreaming: Display: Resuming async loading (0)
[2018.05.20-16.53.34:635][  0]LogShaderLibrary: Display: Using ../../../FortniteGame/Content/ShaderArchive-Global-PCD3D_SM5.ushaderbytecode for material shader code. Total 1163 unique shaders.
[2018.05.20-16.53.34:635][  0]LogShaderLibrary: Display: Cooked Context: Using Shared Shader Library Global
[2018.05.20-16.53.34:635][  0]LogShaderLibrary: Display: Failed to load Shared Shader Library: EarlyStartupPatcher and no native library supported.
[2018.05.20-16.53.34:635][  0]LogShaderLibrary: Display: Failed to load Shared Shader Library: EarlyStartupPatcher_SC and no native library supported.
[2018.05.20-16.53.34:635][  0]LogShaderLibrary: Display: Failed to load Shared Shader Library: EarlyStartupPatcher and no native library supported.
[2018.05.20-16.53.34:635][  0]LogShaderLibrary: Display: Failed to load Shared Shader Library: EarlyStartupPatcher_SC and no native library supported.
[2018.05.20-16.53.34:635][  0]LogShaderLibrary: Display: Failed to load Shared Shader Library: NetUI and no native library supported.
[2018.05.20-16.53.34:635][  0]LogShaderLibrary: Display: Failed to load Shared Shader Library: NetUI_SC and no native library supported.
[2018.05.20-16.53.34:635][  0]LogShaderLibrary: Display: Failed to load Shared Shader Library: NetUI and no native library supported.
[2018.05.20-16.53.34:635][  0]LogShaderLibrary: Display: Failed to load Shared Shader Library: NetUI_SC and no native library supported.
[2018.05.20-16.53.34:636][  0]LogShaderLibrary: Display: Failed to load Shared Shader Library: Social and no native library supported.
[2018.05.20-16.53.34:636][  0]LogShaderLibrary: Display: Failed to load Shared Shader Library: Social_SC and no native library supported.
[2018.05.20-16.53.34:636][  0]LogShaderLibrary: Display: Failed to load Shared Shader Library: Social and no native library supported.
[2018.05.20-16.53.34:636][  0]LogShaderLibrary: Display: Failed to load Shared Shader Library: Social_SC and no native library supported.
[2018.05.20-16.53.34:636][  0]LogShaderLibrary: Display: Failed to load Shared Shader Library: SubtitlesWidgetsEditor and no native library supported.
[2018.05.20-16.53.34:636][  0]LogShaderLibrary: Display: Failed to load Shared Shader Library: SubtitlesWidgetsEditor_SC and no native library supported.
[2018.05.20-16.53.34:636][  0]LogShaderLibrary: Display: Failed to load Shared Shader Library: SubtitlesWidgetsEditor and no native library supported.
[2018.05.20-16.53.34:636][  0]LogShaderLibrary: Display: Failed to load Shared Shader Library: SubtitlesWidgetsEditor_SC and no native library supported.
[2018.05.20-16.53.34:636][  0]LogShaderLibrary: Display: Failed to load Shared Shader Library: RemoteSession and no native library supported.
[2018.05.20-16.53.34:636][  0]LogShaderLibrary: Display: Failed to load Shared Shader Library: RemoteSession_SC and no native library supported.
[2018.05.20-16.53.34:636][  0]LogShaderLibrary: Display: Failed to load Shared Shader Library: RemoteSession and no native library supported.
[2018.05.20-16.53.34:636][  0]LogShaderLibrary: Display: Failed to load Shared Shader Library: RemoteSession_SC and no native library supported.
[2018.05.20-16.53.34:636][  0]LogShaderLibrary: Display: Failed to load Shared Shader Library: CryptoKeys and no native library supported.
[2018.05.20-16.53.34:636][  0]LogShaderLibrary: Display: Failed to load Shared Shader Library: CryptoKeys_SC and no native library supported.
[2018.05.20-16.53.34:636][  0]LogShaderLibrary: Display: Failed to load Shared Shader Library: CryptoKeys and no native library supported.
[2018.05.20-16.53.34:636][  0]LogShaderLibrary: Display: Failed to load Shared Shader Library: CryptoKeys_SC and no native library supported.
[2018.05.20-16.53.34:636][  0]LogShaderLibrary: Display: Failed to load Shared Shader Library: DatasmithContent and no native library supported.
[2018.05.20-16.53.34:636][  0]LogShaderLibrary: Display: Failed to load Shared Shader Library: DatasmithContent_SC and no native library supported.
[2018.05.20-16.53.34:637][  0]LogShaderLibrary: Display: Failed to load Shared Shader Library: DatasmithContent and no native library supported.
[2018.05.20-16.53.34:637][  0]LogShaderLibrary: Display: Failed to load Shared Shader Library: DatasmithContent_SC and no native library supported.
[2018.05.20-16.53.34:637][  0]LogRHI: Display: Failed to open default shader pipeline cache for FortniteGame using shader platform 0.
[2018.05.20-16.53.41:350][  0]LogMemory: Warning: Freeing 33554432 bytes from backup pool to handle out of memory.
[2018.05.20-16.53.41:350][  0]LogMemory: Warning: MemoryStats:
	AvailablePhysical 8573763584
	 AvailableVirtual 140732424544256
	     UsedPhysical 357806080
	 PeakUsedPhysical 4283674624
	      UsedVirtual 414449664
	  PeakUsedVirtual 4348203008
[2018.05.20-16.53.41:350][  0]Allocator Stats for binned2 are not in this build set BINNED2_ALLOCATOR_STATS 1 in MallocBinned2.cpp
[2018.05.20-16.53.41:350][  0]LogWindows: Windows GetLastError: The operation completed successfully. (0)
[2018.05.20-16.54.41:350][  0]LogWindows: Error: === Critical error: ===
[2018.05.20-16.54.41:350][  0]LogWindows: Error: 
[2018.05.20-16.54.41:350][  0]LogWindows: Error: Fatal error: [File:Unknown] [Line: 193] 
[2018.05.20-16.54.41:350][  0]LogWindows: Error: Ran out of memory allocating 18446744062654218240 bytes with alignment 0
[2018.05.20-16.54.41:350][  0]LogWindows: Error: 
[2018.05.20-16.54.41:350][  0]LogWindows: Error: 
[2018.05.20-16.54.41:350][  0]LogWindows: Error: 
[2018.05.20-16.54.41:355][  0]LogExit: Executing StaticShutdownAfterError
[2018.05.20-16.54.41:356][  0]LogWindows: FPlatformMisc::RequestExit(1)
[2018.05.20-16.54.41:366][  0]Log file closed, 05/20/18 18:54:41